# JRE version: Java(TM) SE Runtime Environment (25.0.1+8) (build 25.0.1+8-LTS-27)
# Java VM: Java HotSpot(TM) 64-Bit Server VM (25.0.1+8-LTS-27, mixed mode, sharing, tiered, compressed oops, compressed class ptrs, g1 gc, windows-amd64)
GC Precious Log:
 CardTable entry size: 512
 Card Set container configuration: InlinePtr #cards 5 size 8 Array Of Cards #cards 10 size 36 Howl #buckets 4 coarsen threshold 1843 Howl Bitmap #cards 512 size 80 coarsen threshold 460 Card regions per heap region 1 cards per card region 2048
 CPUs: 16 total, 16 available
 Memory: 7913M
 Large Page Support: Disabled
 NUMA Support: Disabled
 Compressed Oops: Enabled (32-bit)
 Heap Region Size: 1M
 Heap Min Capacity: 8M
 Heap Initial Capacity: 124M
 Heap Max Capacity: 1980M
 Pre-touch: Disabled
 Parallel Workers: 13
 Concurrent Workers: 3
 Concurrent Refinement Workers: 13
 Periodic GC: Disabled
Heap:
 garbage-first heap   total reserved 2027520K, committed 74752K, used 46308K [0x0000000084400000, 0x0000000100000000)
  region size 1024K, 28 young (28672K), 3 survivors (3072K)
GC Heap Usage History (10 events):
Event: 2.058 {heap Before GC invocations=0 (full 0):
 garbage-first heap   total reserved 2027520K, committed 129024K, used 50325K [0x0000000084400000, 0x0000000100000000)
  region size 1024K, 47 young (48128K), 0 survivors (0K)
}
Event: 2.069 {heap After GC invocations=1 (full 0):
 garbage-first heap   total reserved 2027520K, committed 129024K, used 9746K [0x0000000084400000, 0x0000000100000000)
  region size 1024K, 6 young (6144K), 6 survivors (6144K)
}
Event: 3.247 {heap Before GC invocations=1 (full 0):
 garbage-first heap   total reserved 2027520K, committed 129024K, used 60946K [0x0000000084400000, 0x0000000100000000)
  region size 1024K, 57 young (58368K), 6 survivors (6144K)
}
Event: 3.263 {heap After GC invocations=2 (full 0):
 garbage-first heap   total reserved 2027520K, committed 129024K, used 18177K [0x0000000084400000, 0x0000000100000000)
  region size 1024K, 8 young (8192K), 8 survivors (8192K)
}
Event: 3.765 {heap Before GC invocations=2 (full 0):
 garbage-first heap   total reserved 2027520K, committed 129024K, used 27393K [0x0000000084400000, 0x0000000100000000)
  region size 1024K, 19 young (19456K), 8 survivors (8192K)
}
Event: 3.777 {heap After GC invocations=3 (full 0):
 garbage-first heap   total reserved 2027520K, committed 129024K, used 19948K [0x0000000084400000, 0x0000000100000000)
  region size 1024K, 2 young (2048K), 2 survivors (2048K)
}
Event: 102.218 {heap Before GC invocations=4 (full 0):
 garbage-first heap   total reserved 2027520K, committed 71680K, used 70124K [0x0000000084400000, 0x0000000100000000)
  region size 1024K, 51 young (52224K), 2 survivors (2048K)
}
Event: 102.300 {heap After GC invocations=5 (full 0):
 garbage-first heap   total reserved 2027520K, committed 74752K, used 21198K [0x0000000084400000, 0x0000000100000000)
  region size 1024K, 3 young (3072K), 3 survivors (3072K)
}
Event: 159.406 {heap Before GC invocations=5 (full 0):
 garbage-first heap   total reserved 2027520K, committed 74752K, used 56014K [0x0000000084400000, 0x0000000100000000)
  region size 1024K, 37 young (37888K), 3 survivors (3072K)
}
Event: 159.447 {heap After GC invocations=6 (full 0):
 garbage-first heap   total reserved 2027520K, committed 74752K, used 21732K [0x0000000084400000, 0x0000000100000000)
  region size 1024K, 3 young (3072K), 3 survivors (3072K)
}

